[debug] [2023-06-14T17:46:43.770Z] ----------------------------------------------------------------------
[debug] [2023-06-14T17:46:43.774Z] Command:       C:\Program Files\nodejs\node.exe C:\Users\mmmmmm\AppData\Roaming\npm\node_modules\firebase-tools\lib\bin\firebase.js init hosting
[debug] [2023-06-14T17:46:43.775Z] CLI Version:   11.27.0
[debug] [2023-06-14T17:46:43.775Z] Platform:      win32
[debug] [2023-06-14T17:46:43.775Z] Node Version:  v18.15.0
[debug] [2023-06-14T17:46:43.777Z] Time:          Wed Jun 14 2023 19:46:43 GMT+0200 (Eastern European Standard Time)
[debug] [2023-06-14T17:46:43.777Z] ----------------------------------------------------------------------
[debug] 
[debug] [2023-06-14T17:46:43.792Z] > command requires scopes: ["email","openid","https://www.googleapis.com/auth/cloudplatformprojects.readonly","https://www.googleapis.com/auth/firebase","https://www.googleapis.com/auth/cloud-platform"]
[debug] [2023-06-14T17:46:43.793Z] > authorizing via signed-in user (omeldone@gmail.com)
[info] 
     ######## #### ########  ######## ########     ###     ######  ########
     ##        ##  ##     ## ##       ##     ##  ##   ##  ##       ##
     ######    ##  ########  ######   ########  #########  ######  ######
     ##        ##  ##    ##  ##       ##     ## ##     ##       ## ##
     ##       #### ##     ## ######## ########  ##     ##  ######  ########

You're about to initialize a Firebase project in this directory:

  C:\Users\mmmmmm\Desktop\dashboard

[info] 
=== Project Setup
[info] 
[info] First, let's associate this project directory with a Firebase project.
[info] You can create multiple project aliases by running firebase use --add, 
[info] but for now we'll just set up a default project.
[info] 
[debug] [2023-06-14T17:46:49.159Z] >>> [apiv2][query] GET https://firebase.googleapis.com/v1beta1/projects pageSize=100
[debug] [2023-06-14T17:46:54.689Z] <<< [apiv2][status] GET https://firebase.googleapis.com/v1beta1/projects 200
[debug] [2023-06-14T17:46:54.689Z] <<< [apiv2][body] GET https://firebase.googleapis.com/v1beta1/projects [omitted]
[info] i  Using project next-js-app-95f72 (next js app) 
[info] 
=== Hosting Setup
[info] 
[info] Your public directory is the folder (relative to your project directory) that
[info] will contain Hosting assets to be uploaded with firebase deploy. If you
[info] have a build process for your assets, use your build's output directory.
[info] 
[info] +  Wrote public/404.html 
[debug] [2023-06-14T17:48:38.976Z] >>> [apiv2][query] GET https://www.gstatic.com/firebasejs/releases.json [none]
[debug] [2023-06-14T17:48:39.505Z] <<< [apiv2][status] GET https://www.gstatic.com/firebasejs/releases.json 200
[debug] [2023-06-14T17:48:39.506Z] <<< [apiv2][body] GET https://www.gstatic.com/firebasejs/releases.json {"current":{"version":"9.22.2","browserURL":"https://www.gstatic.com/firebasejs/9.22.2/firebase.js","packageURL":"https://www.gstatic.com/firebasejs/9.22.2/firebase.tgz"},"live":{"version":"9.22","browserURL":"https://www.gstatic.com/firebasejs/live/9.22/firebase.js","packageURL":"https://www.gstatic.com/firebasejs/live/9.22/firebase.tgz"},"components":{"analytics":"https://www.gstatic.com/firebasejs/9.22.2/firebase-analytics.js","app":"https://www.gstatic.com/firebasejs/9.22.2/firebase-app.js","app-check":"https://www.gstatic.com/firebasejs/9.22.2/firebase-app-check.js","auth":"https://www.gstatic.com/firebasejs/9.22.2/firebase-auth.js","auth/cordova":"https://www.gstatic.com/firebasejs/9.22.2/firebase-auth/cordova.js","auth/react-native":"https://www.gstatic.com/firebasejs/9.22.2/firebase-auth/react-native.js","functions":"https://www.gstatic.com/firebasejs/9.22.2/firebase-functions.js","firestore":"https://www.gstatic.com/firebasejs/9.22.2/firebase-firestore.js","firestore/lite":"https://www.gstatic.com/firebasejs/9.22.2/firebase-firestore/lite.js","installations":"https://www.gstatic.com/firebasejs/9.22.2/firebase-installations.js","storage":"https://www.gstatic.com/firebasejs/9.22.2/firebase-storage.js","performance":"https://www.gstatic.com/firebasejs/9.22.2/firebase-performance.js","remote-config":"https://www.gstatic.com/firebasejs/9.22.2/firebase-remote-config.js","messaging":"https://www.gstatic.com/firebasejs/9.22.2/firebase-messaging.js","messaging/sw":"https://www.gstatic.com/firebasejs/9.22.2/firebase-messaging/sw.js","database":"https://www.gstatic.com/firebasejs/9.22.2/firebase-database.js","firestore.memory":"https://www.gstatic.com/firebasejs/9.22.2/firebase-firestore.memory.js"}}
[info] +  Wrote public/index.html 
[info] 
[info] i  Writing configuration info to firebase.json... 
[info] i  Writing project information to .firebaserc... 
[info] 
[info] +  Firebase initialization complete! 
[debug] [2023-06-14T17:48:49.571Z] Error: Timed out.
    at Timeout._onTimeout (C:\Users\mmmmmm\AppData\Roaming\npm\node_modules\firebase-tools\lib\utils.js:253:49)
    at listOnTimeout (node:internal/timers:569:17)
    at process.processTimers (node:internal/timers:512:7)
[error] 
[error] Error: An unexpected error has occurred.
[debug] [2023-06-14T17:50:12.543Z] ----------------------------------------------------------------------
[debug] [2023-06-14T17:50:12.547Z] Command:       C:\Program Files\nodejs\node.exe C:\Users\mmmmmm\AppData\Roaming\npm\node_modules\firebase-tools\lib\bin\firebase.js deploy --only hosting
[debug] [2023-06-14T17:50:12.549Z] CLI Version:   11.27.0
[debug] [2023-06-14T17:50:12.549Z] Platform:      win32
[debug] [2023-06-14T17:50:12.550Z] Node Version:  v18.15.0
[debug] [2023-06-14T17:50:12.552Z] Time:          Wed Jun 14 2023 19:50:12 GMT+0200 (Eastern European Standard Time)
[debug] [2023-06-14T17:50:12.553Z] ----------------------------------------------------------------------
[debug] 
[debug] [2023-06-14T17:50:12.831Z] > command requires scopes: ["email","openid","https://www.googleapis.com/auth/cloudplatformprojects.readonly","https://www.googleapis.com/auth/firebase","https://www.googleapis.com/auth/cloud-platform"]
[debug] [2023-06-14T17:50:12.833Z] > authorizing via signed-in user (omeldone@gmail.com)
[debug] [2023-06-14T17:50:12.834Z] [iam] checking project next-js-app-95f72 for permissions ["firebase.projects.get","firebasehosting.sites.update"]
[debug] [2023-06-14T17:50:12.840Z] >>> [apiv2][query] POST https://cloudresourcemanager.googleapis.com/v1/projects/next-js-app-95f72:testIamPermissions [none]
[debug] [2023-06-14T17:50:12.840Z] >>> [apiv2][(partial)header] POST https://cloudresourcemanager.googleapis.com/v1/projects/next-js-app-95f72:testIamPermissions x-goog-quota-user=projects/next-js-app-95f72
[debug] [2023-06-14T17:50:12.840Z] >>> [apiv2][body] POST https://cloudresourcemanager.googleapis.com/v1/projects/next-js-app-95f72:testIamPermissions {"permissions":["firebase.projects.get","firebasehosting.sites.update"]}
[debug] [2023-06-14T17:50:14.369Z] <<< [apiv2][status] POST https://cloudresourcemanager.googleapis.com/v1/projects/next-js-app-95f72:testIamPermissions 200
[debug] [2023-06-14T17:50:14.371Z] <<< [apiv2][body] POST https://cloudresourcemanager.googleapis.com/v1/projects/next-js-app-95f72:testIamPermissions {"permissions":["firebase.projects.get","firebasehosting.sites.update"]}
[debug] [2023-06-14T17:50:14.376Z] >>> [apiv2][query] GET https://firebase.googleapis.com/v1beta1/projects/next-js-app-95f72 [none]
[debug] [2023-06-14T17:50:27.300Z] Failed to make request to https://firebase.googleapis.com/v1beta1/projects/next-js-app-95f72
[debug] [2023-06-14T17:50:30.359Z] FirebaseError: Failed to make request to https://firebase.googleapis.com/v1beta1/projects/next-js-app-95f72
    at RetryOperation._fn (C:\Users\mmmmmm\AppData\Roaming\npm\node_modules\firebase-tools\lib\apiv2.js:242:31)
    at process.processTicksAndRejections (node:internal/process/task_queues:95:5)
[error] 
[error] Error: Failed to get Firebase project next-js-app-95f72. Please make sure the project exists and your account has permission to access it.
